2020-09-06T09:48:19+00:00 CRITICAL C:\xampp\htdocs\wookod\wp-content\themes\wooshop\header.php dosyasında 58 numaralı satırda Uncaught Error: Call to undefined function esc_htm__() in C:\xampp\htdocs\wookod\wp-content\themes\wooshop\header.php:58
Stack trace:
#0 C:\xampp\htdocs\wookod\wp-includes\template.php(730): require_once()
#1 C:\xampp\htdocs\wookod\wp-includes\template.php(676): load_template('C:\\xampp\\htdocs...', true, Array)
#2 C:\xampp\htdocs\wookod\wp-includes\general-template.php(48): locate_template(Array, true, true, Array)
#3 C:\xampp\htdocs\wookod\wp-content\themes\wooshop\index.php(1): get_header()
#4 C:\xampp\htdocs\wookod\wp-includes\template-loader.php(106): include('C:\\xampp\\htdocs...')
#5 C:\xampp\htdocs\wookod\wp-blog-header.php(19): require_once('C:\\xampp\\htdocs...')
#6 C:\xampp\htdocs\wookod\index.php(17): require('C:\\xampp\\htdocs...')
#7 {main}
  thrown

2020-09-06T09:48:19+00:00 CRITICAL C:\xampp\htdocs\wookod\wp-content\themes\wooshop\header.php dosyasında 58 numaralı satırda Uncaught Error: Call to undefined function esc_htm__() in C:\xampp\htdocs\wookod\wp-content\themes\wooshop\header.php:58
Stack trace:
#0 C:\xampp\htdocs\wookod\wp-includes\template.php(730): require_once()
#1 C:\xampp\htdocs\wookod\wp-includes\template.php(676): load_template('C:\\xampp\\htdocs...', true, Array)
#2 C:\xampp\htdocs\wookod\wp-includes\general-template.php(48): locate_template(Array, true, true, Array)
#3 C:\xampp\htdocs\wookod\wp-content\themes\wooshop\index.php(1): get_header()
#4 C:\xampp\htdocs\wookod\wp-includes\template-loader.php(106): include('C:\\xampp\\htdocs...')
#5 C:\xampp\htdocs\wookod\wp-blog-header.php(19): require_once('C:\\xampp\\htdocs...')
#6 C:\xampp\htdocs\wookod\index.php(17): require('C:\\xampp\\htdocs...')
#7 {main}
  thrown

2020-09-06T11:05:51+00:00 CRITICAL C:\xampp\htdocs\wookod\wp-content\themes\wooshop\functions.php dosyasında 164 numaralı satırda syntax error, unexpected end of file

2020-09-06T11:08:09+00:00 CRITICAL C:\xampp\htdocs\wookod\wp-content\themes\wooshop\functions.php dosyasında 164 numaralı satırda syntax error, unexpected end of file

2020-09-06T11:08:28+00:00 CRITICAL C:\xampp\htdocs\wookod\wp-content\themes\wooshop\functions.php dosyasında 164 numaralı satırda syntax error, unexpected end of file

2020-09-06T11:08:31+00:00 CRITICAL C:\xampp\htdocs\wookod\wp-content\themes\wooshop\functions.php dosyasında 164 numaralı satırda syntax error, unexpected end of file

2020-09-06T11:09:11+00:00 CRITICAL C:\xampp\htdocs\wookod\wp-content\themes\wooshop\functions.php dosyasında 164 numaralı satırda syntax error, unexpected end of file

2020-09-06T11:09:13+00:00 CRITICAL C:\xampp\htdocs\wookod\wp-content\themes\wooshop\functions.php dosyasında 164 numaralı satırda syntax error, unexpected end of file

2020-09-06T11:09:16+00:00 CRITICAL C:\xampp\htdocs\wookod\wp-content\themes\wooshop\functions.php dosyasında 164 numaralı satırda syntax error, unexpected end of file

2020-09-06T11:09:16+00:00 CRITICAL C:\xampp\htdocs\wookod\wp-content\themes\wooshop\functions.php dosyasında 164 numaralı satırda syntax error, unexpected end of file

2020-09-06T11:09:17+00:00 CRITICAL C:\xampp\htdocs\wookod\wp-content\themes\wooshop\functions.php dosyasında 164 numaralı satırda syntax error, unexpected end of file

2020-09-06T11:09:17+00:00 CRITICAL C:\xampp\htdocs\wookod\wp-content\themes\wooshop\functions.php dosyasında 164 numaralı satırda syntax error, unexpected end of file

2020-09-06T11:09:17+00:00 CRITICAL C:\xampp\htdocs\wookod\wp-content\themes\wooshop\functions.php dosyasında 164 numaralı satırda syntax error, unexpected end of file

2020-09-06T11:09:32+00:00 CRITICAL C:\xampp\htdocs\wookod\wp-content\themes\wooshop\functions.php dosyasında 164 numaralı satırda syntax error, unexpected end of file

2020-09-06T11:09:33+00:00 CRITICAL C:\xampp\htdocs\wookod\wp-content\themes\wooshop\functions.php dosyasında 164 numaralı satırda syntax error, unexpected end of file

2020-09-06T11:09:34+00:00 CRITICAL C:\xampp\htdocs\wookod\wp-content\themes\wooshop\functions.php dosyasında 164 numaralı satırda syntax error, unexpected end of file

2020-09-06T11:09:35+00:00 CRITICAL C:\xampp\htdocs\wookod\wp-content\themes\wooshop\functions.php dosyasında 164 numaralı satırda syntax error, unexpected end of file

2020-09-06T11:09:35+00:00 CRITICAL C:\xampp\htdocs\wookod\wp-content\themes\wooshop\functions.php dosyasında 164 numaralı satırda syntax error, unexpected end of file

2020-09-06T11:17:23+00:00 CRITICAL C:\xampp\htdocs\wookod\wp-content\themes\wooshop\functions.php dosyasında 164 numaralı satırda syntax error, unexpected end of file

2020-09-06T11:20:24+00:00 CRITICAL C:\xampp\htdocs\wookod\wp-content\themes\wooshop\functions.php dosyasında 164 numaralı satırda syntax error, unexpected end of file

2020-09-06T14:13:01+00:00 CRITICAL C:\xampp\htdocs\wookod\wp-content\themes\wooshop\footer.php dosyasında 16 numaralı satırda syntax error, unexpected 'col' (T_STRING)

2020-09-06T14:13:02+00:00 CRITICAL C:\xampp\htdocs\wookod\wp-content\themes\wooshop\footer.php dosyasında 16 numaralı satırda syntax error, unexpected 'col' (T_STRING)

2020-09-06T14:57:36+00:00 CRITICAL C:\xampp\htdocs\wookod\wp-content\themes\wooshop\footer.php dosyasında 34 numaralı satırda Uncaught Error: Call to undefined function wp_get_nav_object() in C:\xampp\htdocs\wookod\wp-content\themes\wooshop\footer.php:34
Stack trace:
#0 C:\xampp\htdocs\wookod\wp-includes\template.php(730): require_once()
#1 C:\xampp\htdocs\wookod\wp-includes\template.php(676): load_template('C:\\xampp\\htdocs...', true, Array)
#2 C:\xampp\htdocs\wookod\wp-includes\general-template.php(92): locate_template(Array, true, true, Array)
#3 C:\xampp\htdocs\wookod\wp-content\themes\wooshop\index.php(2): get_footer()
#4 C:\xampp\htdocs\wookod\wp-includes\template-loader.php(106): include('C:\\xampp\\htdocs...')
#5 C:\xampp\htdocs\wookod\wp-blog-header.php(19): require_once('C:\\xampp\\htdocs...')
#6 C:\xampp\htdocs\wookod\index.php(17): require('C:\\xampp\\htdocs...')
#7 {main}
  thrown

2020-09-06T14:57:37+00:00 CRITICAL C:\xampp\htdocs\wookod\wp-content\themes\wooshop\footer.php dosyasında 34 numaralı satırda Uncaught Error: Call to undefined function wp_get_nav_object() in C:\xampp\htdocs\wookod\wp-content\themes\wooshop\footer.php:34
Stack trace:
#0 C:\xampp\htdocs\wookod\wp-includes\template.php(730): require_once()
#1 C:\xampp\htdocs\wookod\wp-includes\template.php(676): load_template('C:\\xampp\\htdocs...', true, Array)
#2 C:\xampp\htdocs\wookod\wp-includes\general-template.php(92): locate_template(Array, true, true, Array)
#3 C:\xampp\htdocs\wookod\wp-content\themes\wooshop\index.php(2): get_footer()
#4 C:\xampp\htdocs\wookod\wp-includes\template-loader.php(106): include('C:\\xampp\\htdocs...')
#5 C:\xampp\htdocs\wookod\wp-blog-header.php(19): require_once('C:\\xampp\\htdocs...')
#6 C:\xampp\htdocs\wookod\index.php(17): require('C:\\xampp\\htdocs...')
#7 {main}
  thrown

2020-09-06T20:14:46+00:00 CRITICAL C:\xampp\htdocs\wookod\wp-content\themes\wooshop\anasayfa.php dosyasında 22 numaralı satırda syntax error, unexpected end of file

2020-09-06T20:51:57+00:00 CRITICAL C:\xampp\htdocs\wookod\wp-content\themes\wooshop\anasayfa.php dosyasında 11 numaralı satırda Uncaught Error: Call to undefined function get_sub_fields() in C:\xampp\htdocs\wookod\wp-content\themes\wooshop\anasayfa.php:11
Stack trace:
#0 C:\xampp\htdocs\wookod\wp-includes\template-loader.php(106): include()
#1 C:\xampp\htdocs\wookod\wp-blog-header.php(19): require_once('C:\\xampp\\htdocs...')
#2 C:\xampp\htdocs\wookod\index.php(17): require('C:\\xampp\\htdocs...')
#3 {main}
  thrown

